C:\Users\Admin\Documents\GitHub\Contactform\ContactformAPI\ContactformApp\dist\out-tsc\e2e\src\app.po.js
C:\Users\Admin\Documents\GitHub\Contactform\ContactformAPI\ContactformApp\dist\out-tsc\e2e\src\app.po.js.map
C:\Users\Admin\Documents\GitHub\Contactform\ContactformAPI\ContactformApp\dist\out-tsc\e2e\src\app.e2e-spec.js
C:\Users\Admin\Documents\GitHub\Contactform\ContactformAPI\ContactformApp\dist\out-tsc\e2e\src\app.e2e-spec.js.map
C:\Users\Admin\Documents\GitHub\Contactform\ContactformAPI\ContactformApp\dist\out-tsc\src\app\app.component.js
C:\Users\Admin\Documents\GitHub\Contactform\ContactformAPI\ContactformApp\dist\out-tsc\src\app\app.component.js.map
C:\Users\Admin\Documents\GitHub\Contactform\ContactformAPI\ContactformApp\dist\out-tsc\src\app\shared\contactform-detail.model.js
C:\Users\Admin\Documents\GitHub\Contactform\ContactformAPI\ContactformApp\dist\out-tsc\src\app\shared\contactform-detail.model.js.map
C:\Users\Admin\Documents\GitHub\Contactform\ContactformAPI\ContactformApp\dist\out-tsc\src\app\shared\contactform-detail.service.js
C:\Users\Admin\Documents\GitHub\Contactform\ContactformAPI\ContactformApp\dist\out-tsc\src\app\shared\contactform-detail.service.js.map
C:\Users\Admin\Documents\GitHub\Contactform\ContactformAPI\ContactformApp\dist\out-tsc\src\app\contactform-details\contactform-details.component.js
C:\Users\Admin\Documents\GitHub\Contactform\ContactformAPI\ContactformApp\dist\out-tsc\src\app\contactform-details\contactform-details.component.js.map
C:\Users\Admin\Documents\GitHub\Contactform\ContactformAPI\ContactformApp\dist\out-tsc\src\app\contactform-details\contactform-detail-form\contactform-detail-form.component.js
C:\Users\Admin\Documents\GitHub\Contactform\ContactformAPI\ContactformApp\dist\out-tsc\src\app\contactform-details\contactform-detail-form\contactform-detail-form.component.js.map
C:\Users\Admin\Documents\GitHub\Contactform\ContactformAPI\ContactformApp\dist\out-tsc\src\app\app.module.js
C:\Users\Admin\Documents\GitHub\Contactform\ContactformAPI\ContactformApp\dist\out-tsc\src\app\app.module.js.map
C:\Users\Admin\Documents\GitHub\Contactform\ContactformAPI\ContactformApp\dist\out-tsc\src\environments\environment.js
C:\Users\Admin\Documents\GitHub\Contactform\ContactformAPI\ContactformApp\dist\out-tsc\src\environments\environment.js.map
C:\Users\Admin\Documents\GitHub\Contactform\ContactformAPI\ContactformApp\dist\out-tsc\src\main.js
C:\Users\Admin\Documents\GitHub\Contactform\ContactformAPI\ContactformApp\dist\out-tsc\src\main.js.map
C:\Users\Admin\Documents\GitHub\Contactform\ContactformAPI\ContactformApp\dist\out-tsc\src\polyfills.js
C:\Users\Admin\Documents\GitHub\Contactform\ContactformAPI\ContactformApp\dist\out-tsc\src\polyfills.js.map
C:\Users\Admin\Documents\GitHub\Contactform\ContactformAPI\ContactformApp\dist\out-tsc\src\test.js
C:\Users\Admin\Documents\GitHub\Contactform\ContactformAPI\ContactformApp\dist\out-tsc\src\test.js.map
C:\Users\Admin\Documents\GitHub\Contactform\ContactformAPI\ContactformApp\dist\out-tsc\src\app\app.component.spec.js
C:\Users\Admin\Documents\GitHub\Contactform\ContactformAPI\ContactformApp\dist\out-tsc\src\app\app.component.spec.js.map
C:\Users\Admin\Documents\GitHub\Contactform\ContactformAPI\ContactformApp\dist\out-tsc\src\environments\environment.prod.js
C:\Users\Admin\Documents\GitHub\Contactform\ContactformAPI\ContactformApp\dist\out-tsc\src\environments\environment.prod.js.map
